#! /usr/bin/vvp
:ivl_version "12.0 (stable)";
:ivl_delay_selection "TYPICAL";
:vpi_time_precision - 12;
:vpi_module "/usr/lib/x86_64-linux-gnu/ivl/system.vpi";
:vpi_module "/usr/lib/x86_64-linux-gnu/ivl/vhdl_sys.vpi";
:vpi_module "/usr/lib/x86_64-linux-gnu/ivl/vhdl_textio.vpi";
:vpi_module "/usr/lib/x86_64-linux-gnu/ivl/v2005_math.vpi";
:vpi_module "/usr/lib/x86_64-linux-gnu/ivl/va_math.vpi";
S_0x621edbc96650 .scope module, "tb_temp_project" "tb_temp_project" 2 3;
 .timescale -9 -12;
v0x621edbcbd720_0 .var "clk", 0 0;
v0x621edbcbd7e0_0 .var "rst", 0 0;
v0x621edbcbd8f0_0 .net "w_display_humid", 15 0, v0x621edbcbce30_0;  1 drivers
v0x621edbcbd990_0 .net "w_display_temp", 15 0, v0x621edbcbced0_0;  1 drivers
v0x621edbcbda60_0 .net "w_txt_line1", 127 0, v0x621edbcbcfb0_0;  1 drivers
v0x621edbcbdb50_0 .net "w_txt_line2", 127 0, v0x621edbcbd090_0;  1 drivers
E_0x621edbc5ad90 .event posedge, v0x621edbcbc4d0_0;
S_0x621edbc967e0 .scope module, "u_top" "temp_project_top" 2 25, 3 3 0, S_0x621edbc96650;
 .timescale -9 -12;
    .port_info 0 /INPUT 1 "i_clk";
    .port_info 1 /INPUT 1 "i_rst";
    .port_info 2 /OUTPUT 16 "o_display_temp";
    .port_info 3 /OUTPUT 16 "o_display_humid";
    .port_info 4 /OUTPUT 128 "o_txt_line1";
    .port_info 5 /OUTPUT 128 "o_txt_line2";
v0x621edbcbc9d0_0 .var "h_d0", 7 0;
v0x621edbcbcad0_0 .var "h_d1", 7 0;
v0x621edbcbcbb0_0 .var "humid_int", 7 0;
v0x621edbcbcc70_0 .net "i_clk", 0 0, v0x621edbcbd720_0;  1 drivers
v0x621edbcbcd40_0 .net "i_rst", 0 0, v0x621edbcbd7e0_0;  1 drivers
v0x621edbcbce30_0 .var "o_display_humid", 15 0;
v0x621edbcbced0_0 .var "o_display_temp", 15 0;
v0x621edbcbcfb0_0 .var "o_txt_line1", 127 0;
v0x621edbcbd090_0 .var "o_txt_line2", 127 0;
v0x621edbcbd170_0 .net "s_humid", 15 0, v0x621edbcbc660_0;  1 drivers
v0x621edbcbd260_0 .net "s_temp", 15 0, v0x621edbcbc740_0;  1 drivers
v0x621edbcbd330_0 .net "s_valid", 0 0, v0x621edbcbc870_0;  1 drivers
v0x621edbcbd400_0 .var "t_d0", 7 0;
v0x621edbcbd4a0_0 .var "t_d1", 7 0;
v0x621edbcbd580_0 .var "temp_int", 7 0;
S_0x621edbc9ff20 .scope function.vec4.s16, "f_to_two_ascii" "f_to_two_ascii" 3 29, 3 29 0, S_0x621edbc967e0;
 .timescale -9 -12;
v0x621edbc87f40_0 .var/i "d0", 31 0;
v0x621edbcbbf30_0 .var/i "d1", 31 0;
; Variable f_to_two_ascii is vec4 return value of scope S_0x621edbc9ff20
v0x621edbcbc0d0_0 .var "value", 7 0;
TD_tb_temp_project.u_top.f_to_two_ascii ;
    %load/vec4 v0x621edbcbc0d0_0;
    %pad/u 32;
    %pushi/vec4 10, 0, 32;
    %div;
    %store/vec4 v0x621edbcbbf30_0, 0, 32;
    %load/vec4 v0x621edbcbc0d0_0;
    %pad/u 32;
    %pushi/vec4 10, 0, 32;
    %mod;
    %store/vec4 v0x621edbc87f40_0, 0, 32;
    %pushi/vec4 48, 0, 8;
    %load/vec4 v0x621edbcbbf30_0;
    %parti/s 8, 0, 2;
    %add;
    %pushi/vec4 48, 0, 8;
    %load/vec4 v0x621edbc87f40_0;
    %parti/s 8, 0, 2;
    %add;
    %concat/vec4; draw_concat_vec4
    %ret/vec4 0, 0, 16;  Assign to f_to_two_ascii (store_vec4_to_lval)
    %end;
S_0x621edbcbc1b0 .scope module, "u_sensor" "temp_sensor_model" 3 20, 4 3 0, S_0x621edbc967e0;
 .timescale -9 -12;
    .port_info 0 /INPUT 1 "i_clk";
    .port_info 1 /INPUT 1 "i_rst";
    .port_info 2 /OUTPUT 16 "o_temp";
    .port_info 3 /OUTPUT 16 "o_humid";
    .port_info 4 /OUTPUT 1 "o_valid";
v0x621edbcbc3d0_0 .var "cnt", 23 0;
v0x621edbcbc4d0_0 .net "i_clk", 0 0, v0x621edbcbd720_0;  alias, 1 drivers
v0x621edbcbc590_0 .net "i_rst", 0 0, v0x621edbcbd7e0_0;  alias, 1 drivers
v0x621edbcbc660_0 .var "o_humid", 15 0;
v0x621edbcbc740_0 .var "o_temp", 15 0;
v0x621edbcbc870_0 .var "o_valid", 0 0;
E_0x621edbc93ba0 .event posedge, v0x621edbcbc590_0, v0x621edbcbc4d0_0;
    .scope S_0x621edbcbc1b0;
T_1 ;
    %wait E_0x621edbc93ba0;
    %load/vec4 v0x621edbcbc590_0;
    %flag_set/vec4 8;
    %jmp/0xz  T_1.0, 8;
    %pushi/vec4 0, 0, 24;
    %assign/vec4 v0x621edbcbc3d0_0, 0;
    %pushi/vec4 0, 0, 16;
    %assign/vec4 v0x621edbcbc740_0, 0;
    %pushi/vec4 50, 0, 16;
    %assign/vec4 v0x621edbcbc660_0, 0;
    %pushi/vec4 0, 0, 1;
    %assign/vec4 v0x621edbcbc870_0, 0;
    %jmp T_1.1;
T_1.0 ;
    %load/vec4 v0x621edbcbc3d0_0;
    %cmpi/e 5000000, 0, 24;
    %jmp/0xz  T_1.2, 4;
    %pushi/vec4 0, 0, 24;
    %assign/vec4 v0x621edbcbc3d0_0, 0;
    %pushi/vec4 1, 0, 1;
    %assign/vec4 v0x621edbcbc870_0, 0;
    %load/vec4 v0x621edbcbc740_0;
    %parti/s 8, 0, 2;
    %cmpi/e 99, 0, 8;
    %jmp/0xz  T_1.4, 4;
    %pushi/vec4 0, 0, 16;
    %assign/vec4 v0x621edbcbc740_0, 0;
    %jmp T_1.5;
T_1.4 ;
    %load/vec4 v0x621edbcbc740_0;
    %addi 1, 0, 16;
    %assign/vec4 v0x621edbcbc740_0, 0;
T_1.5 ;
    %jmp T_1.3;
T_1.2 ;
    %load/vec4 v0x621edbcbc3d0_0;
    %addi 1, 0, 24;
    %assign/vec4 v0x621edbcbc3d0_0, 0;
    %pushi/vec4 0, 0, 1;
    %assign/vec4 v0x621edbcbc870_0, 0;
T_1.3 ;
T_1.1 ;
    %jmp T_1;
    .thread T_1;
    .scope S_0x621edbc967e0;
T_2 ;
    %wait E_0x621edbc93ba0;
    %load/vec4 v0x621edbcbcd40_0;
    %flag_set/vec4 8;
    %jmp/0xz  T_2.0, 8;
    %pushi/vec4 0, 0, 16;
    %assign/vec4 v0x621edbcbced0_0, 0;
    %pushi/vec4 0, 0, 16;
    %assign/vec4 v0x621edbcbce30_0, 0;
    %pushi/vec4 2155905152, 0, 34;
    %concati/vec4 2155905152, 0, 32;
    %concati/vec4 2155905152, 0, 32;
    %concati/vec4 538976288, 0, 30;
    %assign/vec4 v0x621edbcbcfb0_0, 0;
    %pushi/vec4 2155905152, 0, 34;
    %concati/vec4 2155905152, 0, 32;
    %concati/vec4 2155905152, 0, 32;
    %concati/vec4 538976288, 0, 30;
    %assign/vec4 v0x621edbcbd090_0, 0;
    %jmp T_2.1;
T_2.0 ;
    %load/vec4 v0x621edbcbd330_0;
    %flag_set/vec4 8;
    %jmp/0xz  T_2.2, 8;
    %load/vec4 v0x621edbcbd260_0;
    %assign/vec4 v0x621edbcbced0_0, 0;
    %load/vec4 v0x621edbcbd170_0;
    %assign/vec4 v0x621edbcbce30_0, 0;
T_2.2 ;
    %load/vec4 v0x621edbcbced0_0;
    %parti/s 8, 0, 2;
    %store/vec4 v0x621edbcbd580_0, 0, 8;
    %load/vec4 v0x621edbcbce30_0;
    %parti/s 8, 0, 2;
    %store/vec4 v0x621edbcbcbb0_0, 0, 8;
    %load/vec4 v0x621edbcbd580_0;
    %store/vec4 v0x621edbcbc0d0_0, 0, 8;
    %callf/vec4 TD_tb_temp_project.u_top.f_to_two_ascii, S_0x621edbc9ff20;
    %split/vec4 8;
    %store/vec4 v0x621edbcbd400_0, 0, 8;
    %store/vec4 v0x621edbcbd4a0_0, 0, 8;
    %load/vec4 v0x621edbcbcbb0_0;
    %store/vec4 v0x621edbcbc0d0_0, 0, 8;
    %callf/vec4 TD_tb_temp_project.u_top.f_to_two_ascii, S_0x621edbc9ff20;
    %split/vec4 8;
    %store/vec4 v0x621edbcbc9d0_0, 0, 8;
    %store/vec4 v0x621edbcbcad0_0, 0, 8;
    %pushi/vec4 84, 0, 8; draw_string_vec4
    %pushi/vec4 69, 0, 8; draw_string_vec4
    %concat/vec4; draw_concat_vec4
    %pushi/vec4 77, 0, 8; draw_string_vec4
    %concat/vec4; draw_concat_vec4
    %pushi/vec4 80, 0, 8; draw_string_vec4
    %concat/vec4; draw_concat_vec4
    %pushi/vec4 61, 0, 8; draw_string_vec4
    %concat/vec4; draw_concat_vec4
    %load/vec4 v0x621edbcbd4a0_0;
    %concat/vec4; draw_concat_vec4
    %load/vec4 v0x621edbcbd400_0;
    %concat/vec4; draw_concat_vec4
    %pushi/vec4 32, 0, 8; draw_string_vec4
    %concat/vec4; draw_concat_vec4
    %pushi/vec4 67, 0, 8; draw_string_vec4
    %concat/vec4; draw_concat_vec4
    %pushi/vec4 32, 0, 8; draw_string_vec4
    %concat/vec4; draw_concat_vec4
    %pushi/vec4 32, 0, 8; draw_string_vec4
    %concat/vec4; draw_concat_vec4
    %pushi/vec4 32, 0, 8; draw_string_vec4
    %concat/vec4; draw_concat_vec4
    %pushi/vec4 32, 0, 8; draw_string_vec4
    %concat/vec4; draw_concat_vec4
    %pushi/vec4 32, 0, 8; draw_string_vec4
    %concat/vec4; draw_concat_vec4
    %pushi/vec4 32, 0, 8; draw_string_vec4
    %concat/vec4; draw_concat_vec4
    %pad/u 128;
    %store/vec4 v0x621edbcbcfb0_0, 0, 128;
    %pushi/vec4 72, 0, 8; draw_string_vec4
    %pushi/vec4 85, 0, 8; draw_string_vec4
    %concat/vec4; draw_concat_vec4
    %pushi/vec4 77, 0, 8; draw_string_vec4
    %concat/vec4; draw_concat_vec4
    %pushi/vec4 32, 0, 8; draw_string_vec4
    %concat/vec4; draw_concat_vec4
    %pushi/vec4 61, 0, 8; draw_string_vec4
    %concat/vec4; draw_concat_vec4
    %load/vec4 v0x621edbcbcad0_0;
    %concat/vec4; draw_concat_vec4
    %load/vec4 v0x621edbcbc9d0_0;
    %concat/vec4; draw_concat_vec4
    %pushi/vec4 32, 0, 8; draw_string_vec4
    %concat/vec4; draw_concat_vec4
    %pushi/vec4 37, 0, 8; draw_string_vec4
    %concat/vec4; draw_concat_vec4
    %pushi/vec4 32, 0, 8; draw_string_vec4
    %concat/vec4; draw_concat_vec4
    %pushi/vec4 32, 0, 8; draw_string_vec4
    %concat/vec4; draw_concat_vec4
    %pushi/vec4 32, 0, 8; draw_string_vec4
    %concat/vec4; draw_concat_vec4
    %pushi/vec4 32, 0, 8; draw_string_vec4
    %concat/vec4; draw_concat_vec4
    %pushi/vec4 32, 0, 8; draw_string_vec4
    %concat/vec4; draw_concat_vec4
    %pushi/vec4 32, 0, 8; draw_string_vec4
    %concat/vec4; draw_concat_vec4
    %pad/u 128;
    %store/vec4 v0x621edbcbd090_0, 0, 128;
T_2.1 ;
    %jmp T_2;
    .thread T_2;
    .scope S_0x621edbc96650;
T_3 ;
    %pushi/vec4 0, 0, 1;
    %store/vec4 v0x621edbcbd720_0, 0, 1;
    %end;
    .thread T_3;
    .scope S_0x621edbc96650;
T_4 ;
    %delay 10000, 0;
    %load/vec4 v0x621edbcbd720_0;
    %inv;
    %store/vec4 v0x621edbcbd720_0, 0, 1;
    %jmp T_4;
    .thread T_4;
    .scope S_0x621edbc96650;
T_5 ;
    %pushi/vec4 1, 0, 1;
    %store/vec4 v0x621edbcbd7e0_0, 0, 1;
    %delay 100000, 0;
    %pushi/vec4 0, 0, 1;
    %store/vec4 v0x621edbcbd7e0_0, 0, 1;
    %end;
    .thread T_5;
    .scope S_0x621edbc96650;
T_6 ;
    %wait E_0x621edbc5ad90;
    %load/vec4 v0x621edbcbd7e0_0;
    %nor/r;
    %flag_set/vec4 8;
    %jmp/0xz  T_6.0, 8;
    %vpi_call 2 37 "$display", "t=%0t ns  TEMP=%0d  HUM=%0d", $time, &PV<v0x621edbcbd990_0, 0, 8>, &PV<v0x621edbcbd8f0_0, 0, 8> {0 0 0};
T_6.0 ;
    %jmp T_6;
    .thread T_6;
    .scope S_0x621edbc96650;
T_7 ;
    %vpi_call 2 43 "$dumpfile", "tb_temp_project.vcd" {0 0 0};
    %vpi_call 2 44 "$dumpvars", 32'sb00000000000000000000000000000000, S_0x621edbc96650 {0 0 0};
    %delay 2431504384, 46;
    %vpi_call 2 46 "$finish" {0 0 0};
    %end;
    .thread T_7;
# The file index is used to find the file name in the following table.
:file_names 5;
    "N/A";
    "<interactive>";
    "tb_temp_project.v";
    "temp_project_top.v";
    "temp_sensor_model.v";
